mode: set
com.github.shjanken/nginx-metric/fileprovider.go:23.65,28.2 1 0
com.github.shjanken/nginx-metric/fileprovider.go:31.62,32.56 1 1
com.github.shjanken/nginx-metric/fileprovider.go:35.2,37.16 3 1
com.github.shjanken/nginx-metric/fileprovider.go:41.2,41.6 1 1
com.github.shjanken/nginx-metric/fileprovider.go:86.2,86.12 1 1
com.github.shjanken/nginx-metric/fileprovider.go:32.56,33.19 1 0
com.github.shjanken/nginx-metric/fileprovider.go:37.16,39.3 1 0
com.github.shjanken/nginx-metric/fileprovider.go:41.6,43.20 2 1
com.github.shjanken/nginx-metric/fileprovider.go:43.20,45.9 2 1
com.github.shjanken/nginx-metric/fileprovider.go:46.9,46.24 1 1
com.github.shjanken/nginx-metric/fileprovider.go:46.24,50.4 1 0
com.github.shjanken/nginx-metric/fileprovider.go:50.9,56.18 6 1
com.github.shjanken/nginx-metric/fileprovider.go:59.4,60.18 2 1
com.github.shjanken/nginx-metric/fileprovider.go:63.4,64.18 2 1
com.github.shjanken/nginx-metric/fileprovider.go:67.4,82.5 3 1
com.github.shjanken/nginx-metric/fileprovider.go:56.18,58.5 1 0
com.github.shjanken/nginx-metric/fileprovider.go:60.18,62.5 1 0
com.github.shjanken/nginx-metric/fileprovider.go:64.18,66.5 1 0
com.github.shjanken/nginx-metric/fileprovider.go:91.68,93.16 2 1
com.github.shjanken/nginx-metric/fileprovider.go:96.2,96.12 1 1
com.github.shjanken/nginx-metric/fileprovider.go:93.16,95.3 1 0
com.github.shjanken/nginx-metric/postgres.go:19.62,27.2 1 1
com.github.shjanken/nginx-metric/postgres.go:30.50,31.18 1 1
com.github.shjanken/nginx-metric/postgres.go:35.2,37.16 2 1
com.github.shjanken/nginx-metric/postgres.go:41.2,41.12 1 1
com.github.shjanken/nginx-metric/postgres.go:31.18,32.17 1 1
com.github.shjanken/nginx-metric/postgres.go:37.16,39.3 1 0
com.github.shjanken/nginx-metric/postgres.go:45.39,47.2 1 1
com.github.shjanken/nginx-metric/postgres.go:50.46,54.2 1 1
com.github.shjanken/nginx-metric/postgres.go:57.44,62.2 1 1
com.github.shjanken/nginx-metric/service.go:43.49,48.2 1 1
com.github.shjanken/nginx-metric/service.go:51.34,52.21 1 1
com.github.shjanken/nginx-metric/service.go:55.2,55.25 1 1
com.github.shjanken/nginx-metric/service.go:58.2,65.6 5 1
com.github.shjanken/nginx-metric/service.go:84.2,84.12 1 1
com.github.shjanken/nginx-metric/service.go:52.21,53.35 1 0
com.github.shjanken/nginx-metric/service.go:55.25,56.36 1 0
com.github.shjanken/nginx-metric/service.go:65.6,68.32 2 1
com.github.shjanken/nginx-metric/service.go:68.32,69.48 1 1
com.github.shjanken/nginx-metric/service.go:72.4,72.9 1 1
com.github.shjanken/nginx-metric/service.go:69.48,71.5 1 0
com.github.shjanken/nginx-metric/service.go:73.9,73.30 1 1
com.github.shjanken/nginx-metric/service.go:73.30,75.4 1 1
com.github.shjanken/nginx-metric/service.go:75.9,75.31 1 1
com.github.shjanken/nginx-metric/service.go:75.31,77.48 2 1
com.github.shjanken/nginx-metric/service.go:80.4,80.14 1 1
com.github.shjanken/nginx-metric/service.go:77.48,79.5 1 0
com.github.shjanken/nginx-metric/service.go:88.45,90.25 1 1
com.github.shjanken/nginx-metric/service.go:94.2,98.23 4 1
com.github.shjanken/nginx-metric/service.go:101.2,101.19 1 1
com.github.shjanken/nginx-metric/service.go:90.25,91.66 1 0
com.github.shjanken/nginx-metric/service.go:98.23,100.3 1 1
